<?xml version="1.0" encoding="UTF-8"?>
<!-- Generated by org.testng.reporters.JUnitReportReporter -->
<testsuite name="AutomationTest.TestServices" tests="1" time="8.756" ignored="2" failures="0" timestamp="10 янв 2017 13:02:26 GMT" skipped="0" hostname="EPRUTLTW0001" errors="0">
  <testcase name="testJenkinsJob" time="8.756" classname="AutomationTest.TestServices"/>
  <testcase name="testDLabScenario" classname="AutomationTest.TestServices">
    <skipped/>
  </testcase> <!-- testDLabScenario -->
  <testcase name="testLogin" classname="AutomationTest.TestServices">
    <skipped/>
  </testcase> <!-- testLogin -->
</testsuite> <!-- AutomationTest.TestServices -->
