<?xml version="1.0" encoding="UTF-8"?>
<!-- Generated by org.testng.reporters.JUnitReportReporter -->
<testsuite hostname="EPUALVIW1217" name="AutomationTest.Dlab.TestServices" tests="1" failures="0" timestamp="22 Dec 2016 09:42:49 GMT" time="0.000" errors="0">
  <testcase name="test" time="0.000" classname="AutomationTest.Dlab.TestServices"/>
</testsuite> <!-- AutomationTest.Dlab.TestServices -->
