<?xml version="1.0" encoding="UTF-8"?>
<!-- Generated by org.testng.reporters.JUnitReportReporter -->
<testsuite hostname="EPUALVIW1217" name="AutomationTest.TestServices" tests="1" failures="0" timestamp="23 Dec 2016 13:59:24 GMT" time="1036.433" errors="0">
  <testcase name="testJenkinsJob" time="1036.433" classname="AutomationTest.TestServices"/>
</testsuite> <!-- AutomationTest.TestServices -->
